Phase Number:           0; Start time =                    4 ns
Phase Number:           0; End time =                   15 ns
Phase Number:           1; Start time =                   15 ns
Phase Number:           1; End time =                   25 ns
Phase Number:           2; Start time =                   25 ns
Phase Number:           2; End time =                   36 ns
Phase Number:           3; Start time =                   36 ns
Phase Number:           3; End time =                   46 ns
Phase Number:           0; Start time =                   46 ns
Phase Number:           0; End time =                   57 ns
Phase Number:           1; Start time =                   57 ns
Phase Number:           1; End time =                   67 ns
Phase Number:           2; Start time =                   67 ns
Phase Number:           2; End time =                   78 ns
Phase Number:           3; Start time =                   78 ns
Phase Number:           3; End time =                   88 ns
Phase Number:           0; Start time =                   88 ns
Phase Number:           0; End time =                   99 ns
Phase Number:           1; Start time =                   99 ns
Phase Number:           1; End time =                  109 ns
Phase Number:           2; Start time =                  109 ns
Phase Number:           2; End time =                  120 ns
Phase Number:           3; Start time =                  120 ns
Phase Number:           3; End time =                  130 ns
Phase Number:           0; Start time =                  130 ns
Phase Number:           0; End time =                  141 ns
Phase Number:           1; Start time =                  141 ns
Phase Number:           1; End time =                  151 ns
Phase Number:           2; Start time =                  151 ns
Phase Number:           2; End time =                  162 ns
Phase Number:           3; Start time =                  162 ns
Phase Number:           3; End time =                  172 ns
Phase Number:           0; Start time =                  172 ns
Phase Number:           0; End time =                  183 ns
Phase Number:           1; Start time =                  183 ns
Phase Number:           1; End time =                  193 ns
Phase Number:           2; Start time =                  193 ns
Phase Number:           2; End time =                  204 ns
Phase Number:           3; Start time =                  204 ns
Phase Number:           3; End time =                  214 ns
Phase Number:           0; Start time =                  214 ns
Phase Number:           0; End time =                  225 ns
Phase Number:           1; Start time =                  225 ns
Phase Number:           1; End time =                  235 ns
Phase Number:           2; Start time =                  235 ns
Phase Number:           2; End time =                  246 ns
Phase Number:           3; Start time =                  246 ns
Phase Number:           3; End time =                  256 ns
Phase Number:           0; Start time =                  256 ns
Phase Number:           0; End time =                  267 ns
Phase Number:           1; Start time =                  267 ns
Phase Number:           1; End time =                  277 ns
Phase Number:           2; Start time =                  277 ns
Phase Number:           2; End time =                  288 ns
Phase Number:           3; Start time =                  288 ns
Phase Number:           3; End time =                  298 ns
Phase Number:           0; Start time =                  298 ns
Phase Number:           0; End time =                  309 ns
Phase Number:           1; Start time =                  309 ns
Phase Number:           1; End time =                  319 ns
Phase Number:           2; Start time =                  319 ns
Phase Number:           2; End time =                  330 ns
Phase Number:           3; Start time =                  330 ns
Phase Number:           3; End time =                  340 ns
