At time   0 ns, d_in = 0000000000000000000000000000000000000000000000000000000000000000, net_polarity = x, net_so = 0, net_ro = 0, net_do = xxxxxxxxxxxxxxxxxxxxxxxxxxxxxxxxxxxxxxxxxxxxxxxxxxxxxxxxxxxxxxxx
At time   0 ns, d_out = 0000000000000000000000000000000000000000000000000000000000000000
At time   6 ns, d_in = 0000000000000000000000000000000000000000000000000000000000000000, net_polarity = 1, net_so = 0, net_ro = 0, net_do = 0000000000000000000000000000000000000000000000000000000000000000
------non-blocking handshaking test------------
At time  10 ns, d_in = 1000100100001010100110101001001000000000000000000000000000000000, net_polarity = 0, net_so = 0, net_ro = 1, net_do = 0000000000000000000000000000000000000000000000000000000000000000
At time  14 ns, d_in = 1000100100001010100110101001001000000000000000000000000000000000, net_polarity = 1, net_so = 0, net_ro = 1, net_do = 1000100100001010100110101001001000000000000000000000000000000000
At time  18 ns, d_in = 1000100100001010100110101001001000000000000000000000000000000000, net_polarity = 0, net_so = 1, net_ro = 1, net_do = 1000100100001010100110101001001000000000000000000000000000000000
At time  22 ns, d_in = 1000100100001010100110101001001000000000000000000000000000000000, net_polarity = 1, net_so = 0, net_ro = 1, net_do = 1000100100001010100110101001001000000000000000000000000000000000
At time  26 ns, d_in = 0110000001000100101011110100000010000000000000000000000000000000, net_polarity = 0, net_so = 1, net_ro = 1, net_do = 1000100100001010100110101001001000000000000000000000000000000000
At time  30 ns, d_in = 0110000001000100101011110100000010000000000000000000000000000000, net_polarity = 1, net_so = 0, net_ro = 1, net_do = 1000100100001010100110101001001000000000000000000000000000000000
At time  34 ns, d_in = 0110000001000100101011110100000010000000000000000000000000000000, net_polarity = 0, net_so = 0, net_ro = 1, net_do = 0110000001000100101011110100000010000000000000000000000000000000
------blocking handshaking test----------------
At time  38 ns, d_in = 1100001001000010011010110000010010000000000000000000000000000000, net_polarity = 1, net_so = 0, net_ro = 0, net_do = 0110000001000100101011110100000010000000000000000000000000000000
At time  42 ns, d_in = 1100001001000010011010110000010010000000000000000000000000000000, net_polarity = 0, net_so = 0, net_ro = 0, net_do = 0110000001000100101011110100000010000000000000000000000000000000
At time  46 ns, d_in = 1100001001000010011010110000010010000000000000000000000000000000, net_polarity = 1, net_so = 1, net_ro = 1, net_do = 0110000001000100101011110100000010000000000000000000000000000000
At time  50 ns, d_in = 1100001001000010011010110000010010000000000000000000000000000000, net_polarity = 0, net_so = 0, net_ro = 1, net_do = 0110000001000100101011110100000010000000000000000000000000000000
At time  54 ns, d_in = 1100001001000010011010110000010010000000000000000000000000000000, net_polarity = 1, net_so = 0, net_ro = 1, net_do = 1100001001000010011010110000010010000000000000000000000000000000
At time  58 ns, d_in = 1100001001000010011010110000010010000000000000000000000000000000, net_polarity = 0, net_so = 1, net_ro = 1, net_do = 1100001001000010011010110000010010000000000000000000000000000000
------------load operation test----------------
At time  62 ns, d_in = 0000011010111001011110110000110110110001111100000101011001100011, net_polarity = 1, net_so = 0, net_ro = 0, net_do = 1100001001000010011010110000010010000000000000000000000000000000
At time  66 ns, d_in = 0000011010111001011110110000110110110001111100000101011001100011, net_polarity = 0, net_so = 0, net_ro = 0, net_do = 0000011010111001011110110000110110110001111100000101011001100011
At time  70 ns, d_in = 0000011010111001011110110000110110110001111100000101011001100011, net_polarity = 1, net_so = 0, net_ro = 0, net_do = 0000011010111001011110110000110110110001111100000101011001100011
At time  70 ns, d_out = 0000000000000000000000000000000000000000000000000000000000000001
At time  74 ns, d_in = 0000011010111001011110110000110110110001111100000101011001100011, net_polarity = 0, net_so = 0, net_ro = 0, net_do = 0000011010111001011110110000110110110001111100000101011001100011
At time  78 ns, d_in = 1011001011000010100001000110010101000110110111111001100110001101, net_polarity = 1, net_so = 0, net_ro = 0, net_do = 0000011010111001011110110000110110110001111100000101011001100011
At time  78 ns, d_out = 0000000000000000000000000000000000000000000000000000000000000000
At time  82 ns, d_in = 1011001011000010100001000110010101000110110111111001100110001101, net_polarity = 0, net_so = 0, net_ro = 0, net_do = 0000011010111001011110110000110110110001111100000101011001100011
At time  86 ns, d_in = 1011001011000010100001000110010101000110110111111001100110001101, net_polarity = 1, net_so = 0, net_ro = 0, net_do = 0000011010111001011110110000110110110001111100000101011001100011
At time  86 ns, d_out = 0000000000000000000000000000000000000000000000000000000000000001
-----------store operation test----------------
At time  90 ns, d_in = 1011001011000010100001000110010101000110110111111001100110001101, net_polarity = 0, net_so = 0, net_ro = 0, net_do = 0000011010111001011110110000110110110001111100000101011001100011
At time  90 ns, d_out = 0000000000000000000000000000000000000000000000000000000000000000
At time  94 ns, d_in = 1011001011000010100001000110010101000110110111111001100110001101, net_polarity = 1, net_so = 0, net_ro = 0, net_do = 0000011010111001011110110000110110110001111100000101011001100011
At time  94 ns, d_out = 0000000011110011111000110000000110001001001101110101001000010010
At time  98 ns, d_in = 1011001011000010100001000110010101000110110111111001100110001101, net_polarity = 0, net_so = 0, net_ro = 0, net_do = 0000011010111001011110110000110110110001111100000101011001100011
At time  98 ns, d_out = 0000000000000000000000000000000000000000000000000000000000000000
At time 102 ns, d_in = 1011001011000010100001000110010101000110110111111001100110001101, net_polarity = 1, net_so = 0, net_ro = 0, net_do = 0000011010111001011110110000110110110001111100000101011001100011
At time 102 ns, d_out = 0000000000000000000000000000000000000000000000000000000000000001
At time 106 ns, d_in = 1011001011000010100001000110010101000110110111111001100110001101, net_polarity = 0, net_so = 0, net_ro = 0, net_do = 0000011010111001011110110000110110110001111100000101011001100011
At time 110 ns, d_in = 1011001011000010100001000110010101000110110111111001100110001101, net_polarity = 1, net_so = 0, net_ro = 0, net_do = 0000011010111001011110110000110110110001111100000101011001100011
At time 114 ns, d_in = 1011001011000010100001000110010101000110110111111001100110001101, net_polarity = 0, net_so = 0, net_ro = 0, net_do = 0000011010111001011110110000110110110001111100000101011001100011
At time 118 ns, d_in = 1011001011000010100001000110010101000110110111111001100110001101, net_polarity = 1, net_so = 0, net_ro = 0, net_do = 0000011010111001011110110000110110110001111100000101011001100011
