Memory location #    0 : 0000000000000000
Memory location #    1 : 1111111111111111
Memory location #    2 : 2222222222222222
Memory location #    3 : 3333333333333333
Memory location #    4 : 4444444444444444
Memory location #    5 : 5555555555555555
Memory location #    6 : 6666666666666666
Memory location #    7 : 7777777777777777
Memory location #    8 : 8888888888888888
Memory location #    9 : 9999999999999999
Memory location #   10 : aaaaaaaaaaaaaaaa
Memory location #   11 : bbbbbbbbbbbbbbbb
Memory location #   12 : cccccccccccccccc
Memory location #   13 : dddddddddddddddd
Memory location #   14 : eeeeeeeeeeeeeeee
Memory location #   15 : ffffffffffffffff
Memory location #   16 : 0f0f0f0f0f0f0f0f
Memory location #   17 : 1e1e1e1e1e1e1e1e
Memory location #   18 : 2d2d2d2d2d2d2d2d
Memory location #   19 : 3c3c3c3c3c3c3c3c
Memory location #   20 : 4b4b4b4b4b4b4b4b
Memory location #   21 : 5a5a5a5a5a5a5a5a
Memory location #   22 : 6969696969696969
Memory location #   23 : 7878787878787878
Memory location #   24 : 8787878787878787
Memory location #   25 : 9696969696969696
Memory location #   26 : a5a5a5a5a5a5a5a5
Memory location #   27 : b4b4b4b4b4b4b4b4
Memory location #   28 : c3c3c3c3c3c3c3c3
Memory location #   29 : d2d2d2d2d2d2d2d2
Memory location #   30 : e1e1e1e1e1e1e1e1
Memory location #   31 : f0f0f0f0f0f0f0f0
Memory location #   32 : 0000000000000000
Memory location #   33 : 6a6a6a6a6a6a6a69
Memory location #   34 : 9c9c9c9c9c9c9c9c
Memory location #   35 : fafafafafafafafa
Memory location #   36 : 3e3e3e3e3e3e3e3e
Memory location #   37 : 6e6e6e6e6e6e6e6e
Memory location #   38 : b5b5b5b5b5b5b5b5
Memory location #   39 : 3d3d3d3d3d3d3d3c
Memory location #   40 : cbcbcbcbcbcbcbcb
Memory location #   41 : f8f7f8f7f8f7f8f7
Memory location #   42 : 9695969496959694
Memory location #   43 : 2524252425242524
Memory location #   44 : 9694969496949694
Memory location #   45 : bcbcbcbcbcbcbcbc
Memory location #   46 : 2323232323232323
Memory location #   47 : 7777777777777777
Memory location #   48 : d9d8d9d8d9d8d9d8
Memory location #   49 : 4443444344434443
Memory location #   50 : 8d8d8d8d8d8d8d8d
Memory location #   51 : dcdcdcdcdcdcdcdc
Memory location #   52 : 5857585758575857
Memory location #   53 : dededededededede
Memory location #   54 : 4b4a4b4a4b4a4b4a
Memory location #   55 : fefcfefcfefcfefc
Memory location #   56 : 9e9d9e9d9e9d9e9d
Memory location #   57 : e1e1e1e1e1e1e1e1
Memory location #   58 : 6e6e6e6e6e6e6e6e
Memory location #   59 : 2a282a282a282a28
Memory location #   60 : a7a5a7a4a7a5a7a4
Memory location #   61 : 0b0b0b0b0b0b0b0b
Memory location #   62 : c3c1c3c1c3c1c3c1
Memory location #   63 : 1110111011101110
Memory location #   64 : 0000000000000000
Memory location #   65 : 4b4b4b4a4b4b4b4a
Memory location #   66 : 0404040304040403
Memory location #   67 : 2b2b2b2b2b2b2b2a
Memory location #   68 : 3231323132313231
Memory location #   69 : b3b3b3b3b3b3b3b3
Memory location #   70 : dadadadadadadada
Memory location #   71 : a6a6a6a6a6a6a6a6
Memory location #   72 : 2b292b292b292b29
Memory location #   73 : 9898989898989898
Memory location #   74 : c4c3c4c2c4c3c4c2
Memory location #   75 : eeeeeeeeeeeeeeee
Memory location #   76 : c4c4c4c4c4c4c4c4
Memory location #   77 : fffefffefffefffe
Memory location #   78 : ebebebeaebebebea
Memory location #   79 : bfbebfbebfbebfbd
Memory location #   80 : 6767676767676767
Memory location #   81 : 8785878487858784
Memory location #   82 : 1717171617171714
Memory location #   83 : 4b4a4b4a4b4a4b4a
Memory location #   84 : 7676767676767675
Memory location #   85 : ffffffffffffffff
Memory location #   86 : eeeeeeeeeeeeeeee
Memory location #   87 : f5f5f5f4f5f5f5f4
Memory location #   88 : b9b8b9b8b9b8b9b8
Memory location #   89 : d7d6d7d6d7d6d7d6
Memory location #   90 : c1c0c1c0c1c0c1c0
Memory location #   91 : eeedeeedeeedeeed
Memory location #   92 : c2c2c2c2c2c2c2c2
Memory location #   93 : 3c3c3c3c3c3c3c3c
Memory location #   94 : 4f4f4f4e4f4f4f4e
Memory location #   95 : e7e7e7e7e7e7e7e7
Memory location #   96 : 0000000000000000
Memory location #   97 : 0000000000000000
Memory location #   98 : 0000000000000000
Memory location #   99 : 0000000000000000
Memory location #  100 : 0000000000000000
Memory location #  101 : 0000000000000000
Memory location #  102 : 0000000000000000
Memory location #  103 : 0000000000000000
Memory location #  104 : 0000000000000000
Memory location #  105 : 0000000000000000
Memory location #  106 : 0000000000000000
Memory location #  107 : 0000000000000000
Memory location #  108 : 0000000000000000
Memory location #  109 : 0000000000000000
Memory location #  110 : 0000000000000000
Memory location #  111 : 0000000000000000
Memory location #  112 : 0000000000000000
Memory location #  113 : 0000000000000000
Memory location #  114 : 0000000000000000
Memory location #  115 : 0000000000000000
Memory location #  116 : 0000000000000000
Memory location #  117 : 0000000000000000
Memory location #  118 : 0000000000000000
Memory location #  119 : 0000000000000000
Memory location #  120 : 0000000000000000
Memory location #  121 : 0000000000000000
Memory location #  122 : 0000000000000000
Memory location #  123 : 0000000000000000
Memory location #  124 : 0000000000000000
Memory location #  125 : 0000000000000000
Memory location #  126 : 0000000000000000
Memory location #  127 : 0000000000000000
Memory location #  128 : xxxxxxxxxxxxxxxx
Memory location #  129 : xxxxxxxxxxxxxxxx
Memory location #  130 : xxxxxxxxxxxxxxxx
Memory location #  131 : xxxxxxxxxxxxxxxx
Memory location #  132 : xxxxxxxxxxxxxxxx
Memory location #  133 : xxxxxxxxxxxxxxxx
Memory location #  134 : xxxxxxxxxxxxxxxx
Memory location #  135 : xxxxxxxxxxxxxxxx
Memory location #  136 : xxxxxxxxxxxxxxxx
Memory location #  137 : xxxxxxxxxxxxxxxx
Memory location #  138 : xxxxxxxxxxxxxxxx
Memory location #  139 : xxxxxxxxxxxxxxxx
Memory location #  140 : xxxxxxxxxxxxxxxx
Memory location #  141 : xxxxxxxxxxxxxxxx
Memory location #  142 : xxxxxxxxxxxxxxxx
Memory location #  143 : xxxxxxxxxxxxxxxx
Memory location #  144 : xxxxxxxxxxxxxxxx
Memory location #  145 : xxxxxxxxxxxxxxxx
Memory location #  146 : xxxxxxxxxxxxxxxx
Memory location #  147 : xxxxxxxxxxxxxxxx
Memory location #  148 : xxxxxxxxxxxxxxxx
Memory location #  149 : xxxxxxxxxxxxxxxx
Memory location #  150 : xxxxxxxxxxxxxxxx
Memory location #  151 : xxxxxxxxxxxxxxxx
Memory location #  152 : xxxxxxxxxxxxxxxx
Memory location #  153 : xxxxxxxxxxxxxxxx
Memory location #  154 : xxxxxxxxxxxxxxxx
Memory location #  155 : xxxxxxxxxxxxxxxx
Memory location #  156 : xxxxxxxxxxxxxxxx
Memory location #  157 : xxxxxxxxxxxxxxxx
Memory location #  158 : xxxxxxxxxxxxxxxx
Memory location #  159 : xxxxxxxxxxxxxxxx
Memory location #  160 : xxxxxxxxxxxxxxxx
Memory location #  161 : xxxxxxxxxxxxxxxx
Memory location #  162 : xxxxxxxxxxxxxxxx
Memory location #  163 : xxxxxxxxxxxxxxxx
Memory location #  164 : xxxxxxxxxxxxxxxx
Memory location #  165 : xxxxxxxxxxxxxxxx
Memory location #  166 : xxxxxxxxxxxxxxxx
Memory location #  167 : xxxxxxxxxxxxxxxx
Memory location #  168 : xxxxxxxxxxxxxxxx
Memory location #  169 : xxxxxxxxxxxxxxxx
Memory location #  170 : xxxxxxxxxxxxxxxx
Memory location #  171 : xxxxxxxxxxxxxxxx
Memory location #  172 : xxxxxxxxxxxxxxxx
Memory location #  173 : xxxxxxxxxxxxxxxx
Memory location #  174 : xxxxxxxxxxxxxxxx
Memory location #  175 : xxxxxxxxxxxxxxxx
Memory location #  176 : xxxxxxxxxxxxxxxx
Memory location #  177 : xxxxxxxxxxxxxxxx
Memory location #  178 : xxxxxxxxxxxxxxxx
Memory location #  179 : xxxxxxxxxxxxxxxx
Memory location #  180 : xxxxxxxxxxxxxxxx
Memory location #  181 : xxxxxxxxxxxxxxxx
Memory location #  182 : xxxxxxxxxxxxxxxx
Memory location #  183 : xxxxxxxxxxxxxxxx
Memory location #  184 : xxxxxxxxxxxxxxxx
Memory location #  185 : xxxxxxxxxxxxxxxx
Memory location #  186 : xxxxxxxxxxxxxxxx
Memory location #  187 : xxxxxxxxxxxxxxxx
Memory location #  188 : xxxxxxxxxxxxxxxx
Memory location #  189 : xxxxxxxxxxxxxxxx
Memory location #  190 : xxxxxxxxxxxxxxxx
Memory location #  191 : xxxxxxxxxxxxxxxx
Memory location #  192 : xxxxxxxxxxxxxxxx
Memory location #  193 : xxxxxxxxxxxxxxxx
Memory location #  194 : xxxxxxxxxxxxxxxx
Memory location #  195 : xxxxxxxxxxxxxxxx
Memory location #  196 : xxxxxxxxxxxxxxxx
Memory location #  197 : xxxxxxxxxxxxxxxx
Memory location #  198 : xxxxxxxxxxxxxxxx
Memory location #  199 : xxxxxxxxxxxxxxxx
Memory location #  200 : xxxxxxxxxxxxxxxx
Memory location #  201 : xxxxxxxxxxxxxxxx
Memory location #  202 : xxxxxxxxxxxxxxxx
Memory location #  203 : xxxxxxxxxxxxxxxx
Memory location #  204 : xxxxxxxxxxxxxxxx
Memory location #  205 : xxxxxxxxxxxxxxxx
Memory location #  206 : xxxxxxxxxxxxxxxx
Memory location #  207 : xxxxxxxxxxxxxxxx
Memory location #  208 : xxxxxxxxxxxxxxxx
Memory location #  209 : xxxxxxxxxxxxxxxx
Memory location #  210 : xxxxxxxxxxxxxxxx
Memory location #  211 : xxxxxxxxxxxxxxxx
Memory location #  212 : xxxxxxxxxxxxxxxx
Memory location #  213 : xxxxxxxxxxxxxxxx
Memory location #  214 : xxxxxxxxxxxxxxxx
Memory location #  215 : xxxxxxxxxxxxxxxx
Memory location #  216 : xxxxxxxxxxxxxxxx
Memory location #  217 : xxxxxxxxxxxxxxxx
Memory location #  218 : xxxxxxxxxxxxxxxx
Memory location #  219 : xxxxxxxxxxxxxxxx
Memory location #  220 : xxxxxxxxxxxxxxxx
Memory location #  221 : xxxxxxxxxxxxxxxx
Memory location #  222 : xxxxxxxxxxxxxxxx
Memory location #  223 : xxxxxxxxxxxxxxxx
Memory location #  224 : xxxxxxxxxxxxxxxx
Memory location #  225 : xxxxxxxxxxxxxxxx
Memory location #  226 : xxxxxxxxxxxxxxxx
Memory location #  227 : xxxxxxxxxxxxxxxx
Memory location #  228 : xxxxxxxxxxxxxxxx
Memory location #  229 : xxxxxxxxxxxxxxxx
Memory location #  230 : xxxxxxxxxxxxxxxx
Memory location #  231 : xxxxxxxxxxxxxxxx
Memory location #  232 : xxxxxxxxxxxxxxxx
Memory location #  233 : xxxxxxxxxxxxxxxx
Memory location #  234 : xxxxxxxxxxxxxxxx
Memory location #  235 : xxxxxxxxxxxxxxxx
Memory location #  236 : xxxxxxxxxxxxxxxx
Memory location #  237 : xxxxxxxxxxxxxxxx
Memory location #  238 : xxxxxxxxxxxxxxxx
Memory location #  239 : xxxxxxxxxxxxxxxx
Memory location #  240 : xxxxxxxxxxxxxxxx
Memory location #  241 : xxxxxxxxxxxxxxxx
Memory location #  242 : xxxxxxxxxxxxxxxx
Memory location #  243 : xxxxxxxxxxxxxxxx
Memory location #  244 : xxxxxxxxxxxxxxxx
Memory location #  245 : xxxxxxxxxxxxxxxx
Memory location #  246 : xxxxxxxxxxxxxxxx
Memory location #  247 : xxxxxxxxxxxxxxxx
Memory location #  248 : xxxxxxxxxxxxxxxx
Memory location #  249 : xxxxxxxxxxxxxxxx
Memory location #  250 : xxxxxxxxxxxxxxxx
Memory location #  251 : xxxxxxxxxxxxxxxx
Memory location #  252 : xxxxxxxxxxxxxxxx
Memory location #  253 : xxxxxxxxxxxxxxxx
Memory location #  254 : xxxxxxxxxxxxxxxx
Memory location #  255 : xxxxxxxxxxxxxxxx
