Memory location #    0 : 0000000000000000
Memory location #    1 : 1111111111111111
Memory location #    2 : 2222222222222222
Memory location #    3 : 3333333333333333
Memory location #    4 : 4444444444444444
Memory location #    5 : 5555555555555555
Memory location #    6 : 6666666666666666
Memory location #    7 : 7777777777777777
Memory location #    8 : 8888888888888888
Memory location #    9 : 9999999999999999
Memory location #   10 : aaaaaaaaaaaaaaaa
Memory location #   11 : bbbbbbbbbbbbbbbb
Memory location #   12 : cccccccccccccccc
Memory location #   13 : dddddddddddddddd
Memory location #   14 : eeeeeeeeeeeeeeee
Memory location #   15 : ffffffffffffffff
Memory location #   16 : 0f0f0f0f0f0f0f0f
Memory location #   17 : 1e1e1e1e1e1e1e1e
Memory location #   18 : 2d2d2d2d2d2d2d2d
Memory location #   19 : 3c3c3c3c3c3c3c3c
Memory location #   20 : 4b4b4b4b4b4b4b4b
Memory location #   21 : 5a5a5a5a5a5a5a5a
Memory location #   22 : 6969696969696969
Memory location #   23 : 7878787878787878
Memory location #   24 : 8787878787878787
Memory location #   25 : 9696969696969696
Memory location #   26 : a5a5a5a5a5a5a5a5
Memory location #   27 : b4b4b4b4b4b4b4b4
Memory location #   28 : c3c3c3c3c3c3c3c3
Memory location #   29 : d2d2d2d2d2d2d2d2
Memory location #   30 : e1e1e1e1e1e1e1e1
Memory location #   31 : f0f0f0f0f0f0f0f0
Memory location #   32 : 0000000000000000
Memory location #   33 : 5959595959595959
Memory location #   34 : cacacacacacacaca
Memory location #   35 : afafafb0afafafb0
Memory location #   36 : 0c0c0c0c0c0c0c0c
Memory location #   37 : bdbdbdbdbdbdbdbe
Memory location #   38 : 9495949594959495
Memory location #   39 : 2c2c2c2c2c2c2c2c
Memory location #   40 : 3233323332333233
Memory location #   41 : c2c2c2c2c2c2c2c3
Memory location #   42 : d4d4d4d5d4d4d4d6
Memory location #   43 : bdbebdbebdbebdbe
Memory location #   44 : 0000000000000000
Memory location #   45 : a9a9a9a9a9a9a9aa
Memory location #   46 : 4343434343434343
Memory location #   47 : 7777777777777777
Memory location #   48 : d4d4d4d4d4d4d4d4
Memory location #   49 : 7777777777777777
Memory location #   50 : d9d9d9d9d9d9d9d9
Memory location #   51 : dededededededede
Memory location #   52 : f0f1f0f1f0f1f0f1
Memory location #   53 : 8888888888888888
Memory location #   54 : 3c3c3c3c3c3c3c3c
Memory location #   55 : e8eae8eae8eae8ea
Memory location #   56 : 1313131313131313
Memory location #   57 : 9696969696969697
Memory location #   58 : 0808080808080808
Memory location #   59 : 4c4c4c4c4c4c4c4c
Memory location #   60 : 9292929192929290
Memory location #   61 : 3f3f3f3f3f3f3f3f
Memory location #   62 : 5655565556555655
Memory location #   63 : 6666666666666666
Memory location #   64 : 0000000000000000
Memory location #   65 : 6a6a6a6a6a6a6a6a
Memory location #   66 : 4040404140404041
Memory location #   67 : b2b2b2b2b2b2b2b2
Memory location #   68 : ecececebecececeb
Memory location #   69 : 7777777777777777
Memory location #   70 : 5252525252525252
Memory location #   71 : 9596959695969596
Memory location #   72 : 8889888988898889
Memory location #   73 : 898a898a898a898a
Memory location #   74 : 2a2c2a2c2a2c2a2c
Memory location #   75 : 8888888888888888
Memory location #   76 : b3b4b3b4b3b4b3b4
Memory location #   77 : 8988898889888988
Memory location #   78 : 3e3e3e3e3e3e3e3e
Memory location #   79 : c5c5c5c4c5c5c5c5
Memory location #   80 : 8787878787878787
Memory location #   81 : 0c0e0c0e0c0e0c0e
Memory location #   82 : 7474747474747474
Memory location #   83 : 6a6a6a6a6a6a6a6a
Memory location #   84 : 6767676767676767
Memory location #   85 : 0f0f0f0f0f0f0f0f
Memory location #   86 : 7778777877787778
Memory location #   87 : 6160616261606162
Memory location #   88 : 6565656465656564
Memory location #   89 : b8b8b8bab8b8b8ba
Memory location #   90 : 6b6a6b6a6b6a6b6a
Memory location #   91 : 8889888988898889
Memory location #   92 : 1e1e1e1e1e1e1e1e
Memory location #   93 : 0000000000000000
Memory location #   94 : f6f6f6f8f6f6f6f8
Memory location #   95 : 7e7e7e7f7e7e7e7f
Memory location #   96 : 0000000000000000
Memory location #   97 : 0000000000000000
Memory location #   98 : 0000000000000000
Memory location #   99 : 0000000000000000
Memory location #  100 : 0000000000000000
Memory location #  101 : 0000000000000000
Memory location #  102 : 0000000000000000
Memory location #  103 : 0000000000000000
Memory location #  104 : 0000000000000000
Memory location #  105 : 0000000000000000
Memory location #  106 : 0000000000000000
Memory location #  107 : 0000000000000000
Memory location #  108 : 0000000000000000
Memory location #  109 : 0000000000000000
Memory location #  110 : 0000000000000000
Memory location #  111 : 0000000000000000
Memory location #  112 : 0000000000000000
Memory location #  113 : 0000000000000000
Memory location #  114 : 0000000000000000
Memory location #  115 : 0000000000000000
Memory location #  116 : 0000000000000000
Memory location #  117 : 0000000000000000
Memory location #  118 : 0000000000000000
Memory location #  119 : 0000000000000000
Memory location #  120 : 0000000000000000
Memory location #  121 : 0000000000000000
Memory location #  122 : 0000000000000000
Memory location #  123 : 0000000000000000
Memory location #  124 : 0000000000000000
Memory location #  125 : 0000000000000000
Memory location #  126 : 0000000000000000
Memory location #  127 : 0000000000000000
Memory location #  128 : xxxxxxxxxxxxxxxx
Memory location #  129 : xxxxxxxxxxxxxxxx
Memory location #  130 : xxxxxxxxxxxxxxxx
Memory location #  131 : xxxxxxxxxxxxxxxx
Memory location #  132 : xxxxxxxxxxxxxxxx
Memory location #  133 : xxxxxxxxxxxxxxxx
Memory location #  134 : xxxxxxxxxxxxxxxx
Memory location #  135 : xxxxxxxxxxxxxxxx
Memory location #  136 : xxxxxxxxxxxxxxxx
Memory location #  137 : xxxxxxxxxxxxxxxx
Memory location #  138 : xxxxxxxxxxxxxxxx
Memory location #  139 : xxxxxxxxxxxxxxxx
Memory location #  140 : xxxxxxxxxxxxxxxx
Memory location #  141 : xxxxxxxxxxxxxxxx
Memory location #  142 : xxxxxxxxxxxxxxxx
Memory location #  143 : xxxxxxxxxxxxxxxx
Memory location #  144 : xxxxxxxxxxxxxxxx
Memory location #  145 : xxxxxxxxxxxxxxxx
Memory location #  146 : xxxxxxxxxxxxxxxx
Memory location #  147 : xxxxxxxxxxxxxxxx
Memory location #  148 : xxxxxxxxxxxxxxxx
Memory location #  149 : xxxxxxxxxxxxxxxx
Memory location #  150 : xxxxxxxxxxxxxxxx
Memory location #  151 : xxxxxxxxxxxxxxxx
Memory location #  152 : xxxxxxxxxxxxxxxx
Memory location #  153 : xxxxxxxxxxxxxxxx
Memory location #  154 : xxxxxxxxxxxxxxxx
Memory location #  155 : xxxxxxxxxxxxxxxx
Memory location #  156 : xxxxxxxxxxxxxxxx
Memory location #  157 : xxxxxxxxxxxxxxxx
Memory location #  158 : xxxxxxxxxxxxxxxx
Memory location #  159 : xxxxxxxxxxxxxxxx
Memory location #  160 : xxxxxxxxxxxxxxxx
Memory location #  161 : xxxxxxxxxxxxxxxx
Memory location #  162 : xxxxxxxxxxxxxxxx
Memory location #  163 : xxxxxxxxxxxxxxxx
Memory location #  164 : xxxxxxxxxxxxxxxx
Memory location #  165 : xxxxxxxxxxxxxxxx
Memory location #  166 : xxxxxxxxxxxxxxxx
Memory location #  167 : xxxxxxxxxxxxxxxx
Memory location #  168 : xxxxxxxxxxxxxxxx
Memory location #  169 : xxxxxxxxxxxxxxxx
Memory location #  170 : xxxxxxxxxxxxxxxx
Memory location #  171 : xxxxxxxxxxxxxxxx
Memory location #  172 : xxxxxxxxxxxxxxxx
Memory location #  173 : xxxxxxxxxxxxxxxx
Memory location #  174 : xxxxxxxxxxxxxxxx
Memory location #  175 : xxxxxxxxxxxxxxxx
Memory location #  176 : xxxxxxxxxxxxxxxx
Memory location #  177 : xxxxxxxxxxxxxxxx
Memory location #  178 : xxxxxxxxxxxxxxxx
Memory location #  179 : xxxxxxxxxxxxxxxx
Memory location #  180 : xxxxxxxxxxxxxxxx
Memory location #  181 : xxxxxxxxxxxxxxxx
Memory location #  182 : xxxxxxxxxxxxxxxx
Memory location #  183 : xxxxxxxxxxxxxxxx
Memory location #  184 : xxxxxxxxxxxxxxxx
Memory location #  185 : xxxxxxxxxxxxxxxx
Memory location #  186 : xxxxxxxxxxxxxxxx
Memory location #  187 : xxxxxxxxxxxxxxxx
Memory location #  188 : xxxxxxxxxxxxxxxx
Memory location #  189 : xxxxxxxxxxxxxxxx
Memory location #  190 : xxxxxxxxxxxxxxxx
Memory location #  191 : xxxxxxxxxxxxxxxx
Memory location #  192 : xxxxxxxxxxxxxxxx
Memory location #  193 : xxxxxxxxxxxxxxxx
Memory location #  194 : xxxxxxxxxxxxxxxx
Memory location #  195 : xxxxxxxxxxxxxxxx
Memory location #  196 : xxxxxxxxxxxxxxxx
Memory location #  197 : xxxxxxxxxxxxxxxx
Memory location #  198 : xxxxxxxxxxxxxxxx
Memory location #  199 : xxxxxxxxxxxxxxxx
Memory location #  200 : xxxxxxxxxxxxxxxx
Memory location #  201 : xxxxxxxxxxxxxxxx
Memory location #  202 : xxxxxxxxxxxxxxxx
Memory location #  203 : xxxxxxxxxxxxxxxx
Memory location #  204 : xxxxxxxxxxxxxxxx
Memory location #  205 : xxxxxxxxxxxxxxxx
Memory location #  206 : xxxxxxxxxxxxxxxx
Memory location #  207 : xxxxxxxxxxxxxxxx
Memory location #  208 : xxxxxxxxxxxxxxxx
Memory location #  209 : xxxxxxxxxxxxxxxx
Memory location #  210 : xxxxxxxxxxxxxxxx
Memory location #  211 : xxxxxxxxxxxxxxxx
Memory location #  212 : xxxxxxxxxxxxxxxx
Memory location #  213 : xxxxxxxxxxxxxxxx
Memory location #  214 : xxxxxxxxxxxxxxxx
Memory location #  215 : xxxxxxxxxxxxxxxx
Memory location #  216 : xxxxxxxxxxxxxxxx
Memory location #  217 : xxxxxxxxxxxxxxxx
Memory location #  218 : xxxxxxxxxxxxxxxx
Memory location #  219 : xxxxxxxxxxxxxxxx
Memory location #  220 : xxxxxxxxxxxxxxxx
Memory location #  221 : xxxxxxxxxxxxxxxx
Memory location #  222 : xxxxxxxxxxxxxxxx
Memory location #  223 : xxxxxxxxxxxxxxxx
Memory location #  224 : xxxxxxxxxxxxxxxx
Memory location #  225 : xxxxxxxxxxxxxxxx
Memory location #  226 : xxxxxxxxxxxxxxxx
Memory location #  227 : xxxxxxxxxxxxxxxx
Memory location #  228 : xxxxxxxxxxxxxxxx
Memory location #  229 : xxxxxxxxxxxxxxxx
Memory location #  230 : xxxxxxxxxxxxxxxx
Memory location #  231 : xxxxxxxxxxxxxxxx
Memory location #  232 : xxxxxxxxxxxxxxxx
Memory location #  233 : xxxxxxxxxxxxxxxx
Memory location #  234 : xxxxxxxxxxxxxxxx
Memory location #  235 : xxxxxxxxxxxxxxxx
Memory location #  236 : xxxxxxxxxxxxxxxx
Memory location #  237 : xxxxxxxxxxxxxxxx
Memory location #  238 : xxxxxxxxxxxxxxxx
Memory location #  239 : xxxxxxxxxxxxxxxx
Memory location #  240 : xxxxxxxxxxxxxxxx
Memory location #  241 : xxxxxxxxxxxxxxxx
Memory location #  242 : xxxxxxxxxxxxxxxx
Memory location #  243 : xxxxxxxxxxxxxxxx
Memory location #  244 : xxxxxxxxxxxxxxxx
Memory location #  245 : xxxxxxxxxxxxxxxx
Memory location #  246 : xxxxxxxxxxxxxxxx
Memory location #  247 : xxxxxxxxxxxxxxxx
Memory location #  248 : xxxxxxxxxxxxxxxx
Memory location #  249 : xxxxxxxxxxxxxxxx
Memory location #  250 : xxxxxxxxxxxxxxxx
Memory location #  251 : xxxxxxxxxxxxxxxx
Memory location #  252 : xxxxxxxxxxxxxxxx
Memory location #  253 : xxxxxxxxxxxxxxxx
Memory location #  254 : xxxxxxxxxxxxxxxx
Memory location #  255 : xxxxxxxxxxxxxxxx
